<?xml version="1.0" encoding="UTF-8"?>
<testsuite xmlns:xsi="http://www.w3.org/2001/XMLSchema-instance" xsi:schemaLocation="https://maven.apache.org/surefire/maven-surefire-plugin/xsd/surefire-test-report.xsd" name="TestSuite" time="54.186" tests="1" errors="0" skipped="0" failures="1">
  <properties>
[...]
</properties>
  <testcase name="checkFriendsNumberTest" classname="com.facebook.tests.FacebookTest" time="25.987">
    <failure message="expected [134] but found [135]" type="java.lang.AssertionError">java.lang.AssertionError: expected [134] but found [135]
	at com.facebook.tests.FacebookTest.checkFriendsNumberTest(FacebookTest.java:44)
</failure>
    <system-out><![CDATA[14:39:24  INFO -Log in performed
14:39:25  INFO -Element is displayed
14:39:25  INFO -Element is displayed
14:39:25  INFO -Profile link was clicked
14:39:26  INFO -Scroll performed
14:39:26  INFO -Element is displayed
14:39:27  INFO -Friends tab was clicked
14:39:28  INFO -Elements in list are displayed
14:39:29  INFO -Scroll performed
14:39:30  INFO -Elements in list are displayed
14:39:30  INFO -Scroll performed
14:39:34  INFO -Elements in list are displayed
14:39:35  INFO -Scroll performed
14:39:38  INFO -Elements in list are displayed
14:39:38  INFO -Scroll performed
14:39:43  INFO -Elements in list are displayed
14:39:43  INFO -Scroll performed
14:39:46  INFO -Elements in list are displayed
14:39:46  INFO -Scroll to the last friend was performed
14:39:47  INFO -Element is displayed
14:39:47  INFO -Friends count was taken
14:39:51  INFO -Elements in list are displayed
]]></system-out>
    <system-err><![CDATA[Dec 19, 2018 2:39:13 PM io.appium.java_client.remote.AppiumCommandExecutor$1 lambda$0
INFO: Detected dialect: W3C
log4j:ERROR Could not find value for key log4j.appender.FILE
log4j:ERROR Could not instantiate appender named "FILE".
]]></system-err>
  </testcase>
</testsuite>